<?xml version="1.0" encoding="UTF-8"?>
<testsuite xmlns:xsi="http://www.w3.org/2001/XMLSchema-instance" xsi:noNamespaceSchemaLocation="https://maven.apache.org/surefire/maven-surefire-plugin/xsd/surefire-test-report.xsd" version="3.0.2" name="io.gatehill.imposter.sample.PetServiceTest" time="4.149" tests="1" errors="0" skipped="0" failures="0">
  <properties>
[...]
</properties>
  <testcase name="shouldListPets" classname="io.gatehill.imposter.sample.PetServiceTest" time="4.13">
    <system-out><![CDATA[17:58:15 WARN  i.n.r.d.DnsServerAddressStreamProviders - Can not find io.netty.resolver.dns.macos.MacOSDnsServerAddressStreamProvider in the classpath, fallback to system defaults. This may result in incorrect DNS resolutions on MacOS. Check whether you have a dependency on 'io.netty:netty-resolver-dns-native-macos'
17:58:16 DEBUG i.g.i.o.e.ConfigGenerator - Wrote Imposter configuration file: /var/folders/vx/zcg6m13956bblwgn6yb4hgsc0000gn/T/imposter11368872602791314229/petstore-simple.yaml-config.json
17:58:16 DEBUG i.g.i.u.FeatureUtil - Overriding feature: metrics=false
17:58:16 DEBUG i.g.i.e.ImposterBuilder - Waiting for mock engine to start...
17:58:16 INFO  i.g.i.Imposter - Starting mock engine 4.2.2
17:58:16 DEBUG i.g.i.c.u.ConfigUtil - Loading configuration file: /var/folders/vx/zcg6m13956bblwgn6yb4hgsc0000gn/T/imposter11368872602791314229/petstore-simple.yaml-config.json
17:58:17 DEBUG i.g.i.p.PluginManager - Loaded 5 plugin(s): [js-detector, store-detector, openapi, js-graal, store-inmem]
17:58:18 DEBUG i.g.i.p.o.OpenApiPluginImpl - Adding mock endpoint: GET -> /v1/pets
17:58:18 DEBUG i.g.i.p.o.OpenApiPluginImpl - Adding specification UI at: http://localhost:50685/_spec
17:58:18 INFO  i.g.i.Imposter - Mock engine up and running on http://localhost:50685
17:58:18 INFO  i.g.i.e.MockEngine - Started Imposter mock engine
  Config dir(s): [/var/folders/vx/zcg6m13956bblwgn6yb4hgsc0000gn/T/imposter11368872602791314229]
  Base URL: http://localhost:50685
  Specification UI: http://localhost:50685/_spec/
Calling http://localhost:50685/v1/pets
17:58:19 WARN  i.g.i.s.ResponseServiceImpl - Response file and data are blank for [5f47fa23-6466-4d87-8970-e8e67742f0a4] GET http://localhost:50685/v1/pets
17:58:19 DEBUG i.g.i.p.o.OpenApiPluginImpl - Setting content type [application/json] from specification for GET http://localhost:50685/v1/pets
17:58:19 DEBUG i.g.i.p.o.s.ExampleServiceImpl - No exact match found for accepted content types - choosing first item found (application/json) from specification. You can switch off this behaviour by setting configuration option 'pickFirstIfNoneMatch: false'
17:58:19 INFO  i.g.i.p.o.s.ResponseTransmissionServiceImpl - Serving mock example for GET http://localhost:50685/v1/pets with status code 200 (response body 49 bytes)
[{"id":101,"name":"Cat"},{"id":102,"name":"Dog"}]
Retrieved 2 pets
]]></system-out>
  </testcase>
</testsuite>